INPUT  clk 	 location (12, 21, 1) 	 129 	 
OUTPUT RAMWE 	 location (19, 21, 0) 	 120 	 
OUTPUT RAMOE 	 location (8, 0, 1) 	 45 	 
OUTPUT RAMCS 	 location (6, 21, 1) 	 136 	 
OUTPUT PMOD[9] 	 location (25, 17, 0) 	 102 	 
OUTPUT PMOD[8] 	 location (25, 19, 0) 	 105 	 
OUTPUT PMOD[7] 	 location (25, 8, 1) 	 87 	 
OUTPUT PMOD[6] 	 location (25, 9, 1) 	 90 	 
OUTPUT PMOD[55] 	 location (24, 0, 0) 	 70 	 
OUTPUT PMOD[54] 	 location (23, 0, 1) 	 68 	 
OUTPUT PMOD[53] 	 location (23, 0, 0) 	 67 	 
OUTPUT PMOD[52] 	 location (24, 0, 1) 	 71 	 
OUTPUT PMOD[51] 	 location (0, 7, 1) 	 23 	 
OUTPUT PMOD[50] 	 location (0, 7, 0) 	 24 	 
OUTPUT PMOD[5] 	 location (25, 10, 1) 	 93 	 
OUTPUT PMOD[49] 	 location (0, 3, 1) 	 28 	 
OUTPUT PMOD[48] 	 location (0, 3, 0) 	 29 	 
OUTPUT PMOD[47] 	 location (0, 6, 1) 	 25 	 
OUTPUT PMOD[46] 	 location (0, 6, 0) 	 26 	 
OUTPUT PMOD[45] 	 location (0, 2, 1) 	 31 	 
OUTPUT PMOD[44] 	 location (0, 2, 0) 	 32 	 
OUTPUT PMOD[43] 	 location (0, 10, 1) 	 21 	 
OUTPUT PMOD[42] 	 location (0, 10, 0) 	 22 	 
OUTPUT PMOD[41] 	 location (0, 1, 1) 	 33 	 
OUTPUT PMOD[40] 	 location (0, 1, 0) 	 34 	 
OUTPUT PMOD[4] 	 location (25, 12, 1) 	 95 	 
OUTPUT PMOD[39] 	 location (0, 15, 1) 	 11 	 
OUTPUT PMOD[38] 	 location (0, 15, 0) 	 12 	 
OUTPUT PMOD[37] 	 location (0, 12, 1) 	 17 	 
OUTPUT PMOD[36] 	 location (0, 12, 0) 	 18 	 
OUTPUT PMOD[35] 	 location (0, 13, 1) 	 15 	 
OUTPUT PMOD[34] 	 location (0, 13, 0) 	 16 	 
OUTPUT PMOD[33] 	 location (0, 11, 1) 	 19 	 
OUTPUT PMOD[32] 	 location (0, 11, 0) 	 20 	 
OUTPUT PMOD[31] 	 location (0, 19, 1) 	 3 	 
OUTPUT PMOD[30] 	 location (0, 19, 0) 	 4 	 
OUTPUT PMOD[3] 	 location (25, 7, 1) 	 85 	 
OUTPUT PMOD[29] 	 location (0, 18, 1) 	 7 	 
OUTPUT PMOD[28] 	 location (0, 18, 0) 	 8 	 
OUTPUT PMOD[27] 	 location (0, 20, 1) 	 1 	 
OUTPUT PMOD[26] 	 location (0, 20, 0) 	 2 	 
OUTPUT PMOD[25] 	 location (0, 17, 1) 	 9 	 
OUTPUT PMOD[24] 	 location (0, 17, 0) 	 10 	 
OUTPUT PMOD[23] 	 location (25, 19, 1) 	 106 	 
OUTPUT PMOD[22] 	 location (24, 21, 1) 	 110 	 
OUTPUT PMOD[21] 	 location (23, 21, 1) 	 113 	 
OUTPUT PMOD[20] 	 location (2, 21, 1) 	 144 	 
OUTPUT PMOD[2] 	 location (25, 9, 0) 	 88 	 
OUTPUT PMOD[19] 	 location (25, 20, 0) 	 107 	 
OUTPUT PMOD[18] 	 location (24, 21, 0) 	 112 	 
OUTPUT PMOD[17] 	 location (23, 21, 0) 	 114 	 
OUTPUT PMOD[16] 	 location (3, 21, 0) 	 143 	 
OUTPUT PMOD[15] 	 location (25, 13, 1) 	 96 	 
OUTPUT PMOD[14] 	 location (25, 14, 1) 	 98 	 
OUTPUT PMOD[13] 	 location (25, 16, 1) 	 101 	 
OUTPUT PMOD[12] 	 location (25, 18, 1) 	 104 	 
OUTPUT PMOD[11] 	 location (25, 14, 0) 	 97 	 
OUTPUT PMOD[10] 	 location (25, 15, 1) 	 99 	 
OUTPUT PMOD[1] 	 location (25, 10, 0) 	 91 	 
OUTPUT PMOD[0] 	 location (25, 11, 0) 	 94 	 
OUTPUT DAT[9] 	 location (18, 0, 1) 	 60 	 
OUTPUT DAT[8] 	 location (19, 0, 0) 	 61 	 
OUTPUT DAT[7] 	 location (18, 21, 0) 	 121 	 
OUTPUT DAT[6] 	 location (15, 21, 1) 	 122 	 
OUTPUT DAT[5] 	 location (15, 21, 0) 	 124 	 
OUTPUT DAT[4] 	 location (14, 21, 1) 	 125 	 
OUTPUT DAT[3] 	 location (13, 21, 0) 	 128 	 
OUTPUT DAT[2] 	 location (9, 21, 1) 	 130 	 
OUTPUT DAT[15] 	 location (11, 0, 1) 	 47 	 
OUTPUT DAT[14] 	 location (12, 0, 0) 	 48 	 
OUTPUT DAT[13] 	 location (12, 0, 1) 	 49 	 
OUTPUT DAT[12] 	 location (13, 0, 0) 	 52 	 
OUTPUT DAT[11] 	 location (17, 0, 1) 	 55 	 
OUTPUT DAT[10] 	 location (18, 0, 0) 	 56 	 
OUTPUT DAT[1] 	 location (7, 21, 1) 	 134 	 
OUTPUT DAT[0] 	 location (7, 21, 0) 	 135 	 
OUTPUT ADR[9] 	 location (25, 1, 1) 	 74 	 
OUTPUT ADR[8] 	 location (25, 1, 0) 	 73 	 
OUTPUT ADR[7] 	 location (8, 0, 0) 	 44 	 
OUTPUT ADR[6] 	 location (7, 0, 1) 	 43 	 
OUTPUT ADR[5] 	 location (5, 0, 0) 	 42 	 
OUTPUT ADR[4] 	 location (3, 21, 1) 	 142 	 
OUTPUT ADR[3] 	 location (4, 21, 0) 	 141 	 
OUTPUT ADR[2] 	 location (5, 21, 0) 	 139 	 
OUTPUT ADR[18] 	 location (21, 0, 0) 	 62 	 
OUTPUT ADR[17] 	 location (25, 3, 1) 	 78 	 
OUTPUT ADR[16] 	 location (19, 21, 1) 	 119 	 
OUTPUT ADR[15] 	 location (20, 21, 0) 	 118 	 
OUTPUT ADR[14] 	 location (21, 21, 1) 	 117 	 
OUTPUT ADR[13] 	 location (22, 21, 0) 	 116 	 
OUTPUT ADR[12] 	 location (22, 21, 1) 	 115 	 
OUTPUT ADR[11] 	 location (25, 2, 1) 	 76 	 
OUTPUT ADR[10] 	 location (25, 2, 0) 	 75 	 
OUTPUT ADR[1] 	 location (5, 21, 1) 	 138 	 
OUTPUT ADR[0] 	 location (6, 21, 0) 	 137 	 
